13:08:51 **** Clean-only build of configuration Debug for project Macropad V2 Code ****
make -j12 clean 
rm -rf ./USB_DEVICE/Target/usbd_conf.d ./USB_DEVICE/Target/usbd_conf.o ./USB_DEVICE/Target/usbd_conf.su
rm -rf ./USB_DEVICE/App/usb_device.d ./USB_DEVICE/App/usb_device.o ./USB_DEVICE/App/usb_device.su ./USB_DEVICE/App/usbd_custom_hid_if.d ./USB_DEVICE/App/usbd_custom_hid_if.o ./USB_DEVICE/App/usbd_custom_hid_if.su ./USB_DEVICE/App/usbd_desc.d ./USB_DEVICE/App/usbd_desc.o ./USB_DEVICE/App/usbd_desc.su
rm -rf ./Middlewares/ST/STM32_USB_Device_Library/Core/Src/usbd_core.d ./Middlewares/ST/STM32_USB_Device_Library/Core/Src/usbd_core.o ./Middlewares/ST/STM32_USB_Device_Library/Core/Src/usbd_core.su ./Middlewares/ST/STM32_USB_Device_Library/Core/Src/usbd_ctlreq.d ./Middlewares/ST/STM32_USB_Device_Library/Core/Src/usbd_ctlreq.o ./Middlewares/ST/STM32_USB_Device_Library/Core/Src/usbd_ctlreq.su ./Middlewares/ST/STM32_USB_Device_Library/Core/Src/usbd_ioreq.d ./Middlewares/ST/STM32_USB_Device_Library/Core/Src/usbd_ioreq.o ./Middlewares/ST/STM32_USB_Device_Library/Core/Src/usbd_ioreq.su
rm -rf ./Middlewares/ST/STM32_USB_Device_Library/Class/CustomHID/Src/usbd_customhid.d ./Middlewares/ST/STM32_USB_Device_Library/Class/CustomHID/Src/usbd_customhid.o ./Middlewares/ST/STM32_USB_Device_Library/Class/CustomHID/Src/usbd_customhid.su
rm -rf ./ECUAL/NKRO_Keypad/NKRO_KEYPAD.d ./ECUAL/NKRO_Keypad/NKRO_KEYPAD.o ./ECUAL/NKRO_Keypad/NKRO_KEYPAD.su ./ECUAL/NKRO_Keypad/NKRO_KEYPAD_CFG.d ./ECUAL/NKRO_Keypad/NKRO_KEYPAD_CFG.o ./ECUAL/NKRO_Keypad/NKRO_KEYPAD_CFG.su
rm -rf ./Drivers/STM32F0xx_HAL_Driver/Src/stm32f0xx_hal.d ./Drivers/STM32F0xx_HAL_Driver/Src/stm32f0xx_hal.o ./Drivers/STM32F0xx_HAL_Driver/Src/stm32f0xx_hal.su ./Drivers/STM32F0xx_HAL_Driver/Src/stm32f0xx_hal_cortex.d ./Drivers/STM32F0xx_HAL_Driver/Src/stm32f0xx_hal_cortex.o ./Drivers/STM32F0xx_HAL_Driver/Src/stm32f0xx_hal_cortex.su ./Drivers/STM32F0xx_HAL_Driver/Src/stm32f0xx_hal_dma.d ./Drivers/STM32F0xx_HAL_Driver/Src/stm32f0xx_hal_dma.o ./Drivers/STM32F0xx_HAL_Driver/Src/stm32f0xx_hal_dma.su ./Drivers/STM32F0xx_HAL_Driver/Src/stm32f0xx_hal_exti.d ./Drivers/STM32F0xx_HAL_Driver/Src/stm32f0xx_hal_exti.o ./Drivers/STM32F0xx_HAL_Driver/Src/stm32f0xx_hal_exti.su ./Drivers/STM32F0xx_HAL_Driver/Src/stm32f0xx_hal_flash.d ./Drivers/STM32F0xx_HAL_Driver/Src/stm32f0xx_hal_flash.o ./Drivers/STM32F0xx_HAL_Driver/Src/stm32f0xx_hal_flash.su ./Drivers/STM32F0xx_HAL_Driver/Src/stm32f0xx_hal_flash_ex.d ./Drivers/STM32F0xx_HAL_Driver/Src/stm32f0xx_hal_flash_ex.o ./Drivers/STM32F0xx_HAL_Driver/Src/stm32f0xx_hal_flash_ex.su ./Drivers/STM32F0xx_HAL_Driver/Src/stm32f0xx_hal_gpio.d ./Drivers/STM32F0xx_HAL_Driver/Src/stm32f0xx_hal_gpio.o ./Drivers/STM32F0xx_HAL_Driver/Src/stm32f0xx_hal_gpio.su ./Drivers/STM32F0xx_HAL_Driver/Src/stm32f0xx_hal_i2c.d ./Drivers/STM32F0xx_HAL_Driver/Src/stm32f0xx_hal_i2c.o ./Drivers/STM32F0xx_HAL_Driver/Src/stm32f0xx_hal_i2c.su ./Drivers/STM32F0xx_HAL_Driver/Src/stm32f0xx_hal_i2c_ex.d ./Drivers/STM32F0xx_HAL_Driver/Src/stm32f0xx_hal_i2c_ex.o ./Drivers/STM32F0xx_HAL_Driver/Src/stm32f0xx_hal_i2c_ex.su ./Drivers/STM32F0xx_HAL_Driver/Src/stm32f0xx_hal_pcd.d ./Drivers/STM32F0xx_HAL_Driver/Src/stm32f0xx_hal_pcd.o ./Drivers/STM32F0xx_HAL_Driver/Src/stm32f0xx_hal_pcd.su ./Drivers/STM32F0xx_HAL_Driver/Src/stm32f0xx_hal_pcd_ex.d ./Drivers/STM32F0xx_HAL_Driver/Src/stm32f0xx_hal_pcd_ex.o ./Drivers/STM32F0xx_HAL_Driver/Src/stm32f0xx_hal_pcd_ex.su ./Drivers/STM32F0xx_HAL_Driver/Src/stm32f0xx_hal_pwr.d ./Drivers/STM32F0xx_HAL_Driver/Src/stm32f0xx_hal_pwr.o ./Drivers/STM32F0xx_HAL_Driver/Src/stm32f0xx_hal_pwr.su ./Drivers/STM32F0xx_HAL_Driver/Src/stm32f0xx_hal_pwr_ex.d ./Drivers/STM32F0xx_HAL_Driver/Src/stm32f0xx_hal_pwr_ex.o ./Drivers/STM32F0xx_HAL_Driver/Src/stm32f0xx_hal_pwr_ex.su ./Drivers/STM32F0xx_HAL_Driver/Src/stm32f0xx_hal_rcc.d ./Drivers/STM32F0xx_HAL_Driver/Src/stm32f0xx_hal_rcc.o ./Drivers/STM32F0xx_HAL_Driver/Src/stm32f0xx_hal_rcc.su ./Drivers/STM32F0xx_HAL_Driver/Src/stm32f0xx_hal_rcc_ex.d ./Drivers/STM32F0xx_HAL_Driver/Src/stm32f0xx_hal_rcc_ex.o ./Drivers/STM32F0xx_HAL_Driver/Src/stm32f0xx_hal_rcc_ex.su ./Drivers/STM32F0xx_HAL_Driver/Src/stm32f0xx_hal_spi.d ./Drivers/STM32F0xx_HAL_Driver/Src/stm32f0xx_hal_spi.o ./Drivers/STM32F0xx_HAL_Driver/Src/stm32f0xx_hal_spi.su ./Drivers/STM32F0xx_HAL_Driver/Src/stm32f0xx_hal_spi_ex.d ./Drivers/STM32F0xx_HAL_Driver/Src/stm32f0xx_hal_spi_ex.o ./Drivers/STM32F0xx_HAL_Driver/Src/stm32f0xx_hal_spi_ex.su ./Drivers/STM32F0xx_HAL_Driver/Src/stm32f0xx_hal_tim.d ./Drivers/STM32F0xx_HAL_Driver/Src/stm32f0xx_hal_tim.o ./Drivers/STM32F0xx_HAL_Driver/Src/stm32f0xx_hal_tim.su ./Drivers/STM32F0xx_HAL_Driver/Src/stm32f0xx_hal_tim_ex.d ./Drivers/STM32F0xx_HAL_Driver/Src/stm32f0xx_hal_tim_ex.o ./Drivers/STM32F0xx_HAL_Driver/Src/stm32f0xx_hal_tim_ex.su ./Drivers/STM32F0xx_HAL_Driver/Src/stm32f0xx_hal_uart.d ./Drivers/STM32F0xx_HAL_Driver/Src/stm32f0xx_hal_uart.o ./Drivers/STM32F0xx_HAL_Driver/Src/stm32f0xx_hal_uart.su ./Drivers/STM32F0xx_HAL_Driver/Src/stm32f0xx_hal_uart_ex.d ./Drivers/STM32F0xx_HAL_Driver/Src/stm32f0xx_hal_uart_ex.o ./Drivers/STM32F0xx_HAL_Driver/Src/stm32f0xx_hal_uart_ex.su ./Drivers/STM32F0xx_HAL_Driver/Src/stm32f0xx_ll_usb.d ./Drivers/STM32F0xx_HAL_Driver/Src/stm32f0xx_ll_usb.o ./Drivers/STM32F0xx_HAL_Driver/Src/stm32f0xx_ll_usb.su
rm -rf ./Core/Startup/startup_stm32f072r8tx.d ./Core/Startup/startup_stm32f072r8tx.o
rm -rf ./Core/Src/main.d ./Core/Src/main.o ./Core/Src/main.su ./Core/Src/stm32f0xx_hal_msp.d ./Core/Src/stm32f0xx_hal_msp.o ./Core/Src/stm32f0xx_hal_msp.su ./Core/Src/stm32f0xx_hal_timebase_tim.d ./Core/Src/stm32f0xx_hal_timebase_tim.o ./Core/Src/stm32f0xx_hal_timebase_tim.su ./Core/Src/stm32f0xx_it.d ./Core/Src/stm32f0xx_it.o ./Core/Src/stm32f0xx_it.su ./Core/Src/syscalls.d ./Core/Src/syscalls.o ./Core/Src/syscalls.su ./Core/Src/sysmem.d ./Core/Src/sysmem.o ./Core/Src/sysmem.su ./Core/Src/system_stm32f0xx.d ./Core/Src/system_stm32f0xx.o ./Core/Src/system_stm32f0xx.su
rm -rf Macropad\ V2\ Code.elf Macropad\ V2\ Code.list Macropad\ V2\ Code.map Macropad\\ V2\\ Code.elf default.size.stdout
 
13:08:52 **** Incremental Build of configuration Debug for project Macropad V2 Code ****
make -j12 all 
arm-none-eabi-gcc "../USB_DEVICE/Target/usbd_conf.c" -mcpu=cortex-m0 -std=gnu11 -g3 -DDEBUG -DUSE_HAL_DRIVER -DSTM32F072xB -c -I../USB_DEVICE/App -I../USB_DEVICE/Target -I../Core/Inc -I../Drivers/STM32F0xx_HAL_Driver/Inc -I../Drivers/STM32F0xx_HAL_Driver/Inc/Legacy -I../Middlewares/ST/STM32_USB_Device_Library/Core/Inc -I../Middlewares/ST/STM32_USB_Device_Library/Class/CustomHID/Inc -I../Drivers/CMSIS/Device/ST/STM32F0xx/Include -I../Drivers/CMSIS/Include -O0 -ffunction-sections -fdata-sections -Wall -fstack-usage -MMD -MP -MF"USB_DEVICE/Target/usbd_conf.d" -MT"USB_DEVICE/Target/usbd_conf.o" --specs=nano.specs -mfloat-abi=soft -mthumb -o "USB_DEVICE/Target/usbd_conf.o"
arm-none-eabi-gcc "../USB_DEVICE/App/usb_device.c" -mcpu=cortex-m0 -std=gnu11 -g3 -DDEBUG -DUSE_HAL_DRIVER -DSTM32F072xB -c -I../USB_DEVICE/App -I../USB_DEVICE/Target -I../Core/Inc -I../Drivers/STM32F0xx_HAL_Driver/Inc -I../Drivers/STM32F0xx_HAL_Driver/Inc/Legacy -I../Middlewares/ST/STM32_USB_Device_Library/Core/Inc -I../Middlewares/ST/STM32_USB_Device_Library/Class/CustomHID/Inc -I../Drivers/CMSIS/Device/ST/STM32F0xx/Include -I../Drivers/CMSIS/Include -O0 -ffunction-sections -fdata-sections -Wall -fstack-usage -MMD -MP -MF"USB_DEVICE/App/usb_device.d" -MT"USB_DEVICE/App/usb_device.o" --specs=nano.specs -mfloat-abi=soft -mthumb -o "USB_DEVICE/App/usb_device.o"
arm-none-eabi-gcc "../USB_DEVICE/App/usbd_custom_hid_if.c" -mcpu=cortex-m0 -std=gnu11 -g3 -DDEBUG -DUSE_HAL_DRIVER -DSTM32F072xB -c -I../USB_DEVICE/App -I../USB_DEVICE/Target -I../Core/Inc -I../Drivers/STM32F0xx_HAL_Driver/Inc -I../Drivers/STM32F0xx_HAL_Driver/Inc/Legacy -I../Middlewares/ST/STM32_USB_Device_Library/Core/Inc -I../Middlewares/ST/STM32_USB_Device_Library/Class/CustomHID/Inc -I../Drivers/CMSIS/Device/ST/STM32F0xx/Include -I../Drivers/CMSIS/Include -O0 -ffunction-sections -fdata-sections -Wall -fstack-usage -MMD -MP -MF"USB_DEVICE/App/usbd_custom_hid_if.d" -MT"USB_DEVICE/App/usbd_custom_hid_if.o" --specs=nano.specs -mfloat-abi=soft -mthumb -o "USB_DEVICE/App/usbd_custom_hid_if.o"
arm-none-eabi-gcc "../USB_DEVICE/App/usbd_desc.c" -mcpu=cortex-m0 -std=gnu11 -g3 -DDEBUG -DUSE_HAL_DRIVER -DSTM32F072xB -c -I../USB_DEVICE/App -I../USB_DEVICE/Target -I../Core/Inc -I../Drivers/STM32F0xx_HAL_Driver/Inc -I../Drivers/STM32F0xx_HAL_Driver/Inc/Legacy -I../Middlewares/ST/STM32_USB_Device_Library/Core/Inc -I../Middlewares/ST/STM32_USB_Device_Library/Class/CustomHID/Inc -I../Drivers/CMSIS/Device/ST/STM32F0xx/Include -I../Drivers/CMSIS/Include -O0 -ffunction-sections -fdata-sections -Wall -fstack-usage -MMD -MP -MF"USB_DEVICE/App/usbd_desc.d" -MT"USB_DEVICE/App/usbd_desc.o" --specs=nano.specs -mfloat-abi=soft -mthumb -o "USB_DEVICE/App/usbd_desc.o"
arm-none-eabi-gcc "../Middlewares/ST/STM32_USB_Device_Library/Core/Src/usbd_core.c" -mcpu=cortex-m0 -std=gnu11 -g3 -DDEBUG -DUSE_HAL_DRIVER -DSTM32F072xB -c -I../USB_DEVICE/App -I../USB_DEVICE/Target -I../Core/Inc -I../Drivers/STM32F0xx_HAL_Driver/Inc -I../Drivers/STM32F0xx_HAL_Driver/Inc/Legacy -I../Middlewares/ST/STM32_USB_Device_Library/Core/Inc -I../Middlewares/ST/STM32_USB_Device_Library/Class/CustomHID/Inc -I../Drivers/CMSIS/Device/ST/STM32F0xx/Include -I../Drivers/CMSIS/Include -O0 -ffunction-sections -fdata-sections -Wall -fstack-usage -MMD -MP -MF"Middlewares/ST/STM32_USB_Device_Library/Core/Src/usbd_core.d" -MT"Middlewares/ST/STM32_USB_Device_Library/Core/Src/usbd_core.o" --specs=nano.specs -mfloat-abi=soft -mthumb -o "Middlewares/ST/STM32_USB_Device_Library/Core/Src/usbd_core.o"
arm-none-eabi-gcc "../Middlewares/ST/STM32_USB_Device_Library/Core/Src/usbd_ctlreq.c" -mcpu=cortex-m0 -std=gnu11 -g3 -DDEBUG -DUSE_HAL_DRIVER -DSTM32F072xB -c -I../USB_DEVICE/App -I../USB_DEVICE/Target -I../Core/Inc -I../Drivers/STM32F0xx_HAL_Driver/Inc -I../Drivers/STM32F0xx_HAL_Driver/Inc/Legacy -I../Middlewares/ST/STM32_USB_Device_Library/Core/Inc -I../Middlewares/ST/STM32_USB_Device_Library/Class/CustomHID/Inc -I../Drivers/CMSIS/Device/ST/STM32F0xx/Include -I../Drivers/CMSIS/Include -O0 -ffunction-sections -fdata-sections -Wall -fstack-usage -MMD -MP -MF"Middlewares/ST/STM32_USB_Device_Library/Core/Src/usbd_ctlreq.d" -MT"Middlewares/ST/STM32_USB_Device_Library/Core/Src/usbd_ctlreq.o" --specs=nano.specs -mfloat-abi=soft -mthumb -o "Middlewares/ST/STM32_USB_Device_Library/Core/Src/usbd_ctlreq.o"
arm-none-eabi-gcc "../Middlewares/ST/STM32_USB_Device_Library/Core/Src/usbd_ioreq.c" -mcpu=cortex-m0 -std=gnu11 -g3 -DDEBUG -DUSE_HAL_DRIVER -DSTM32F072xB -c -I../USB_DEVICE/App -I../USB_DEVICE/Target -I../Core/Inc -I../Drivers/STM32F0xx_HAL_Driver/Inc -I../Drivers/STM32F0xx_HAL_Driver/Inc/Legacy -I../Middlewares/ST/STM32_USB_Device_Library/Core/Inc -I../Middlewares/ST/STM32_USB_Device_Library/Class/CustomHID/Inc -I../Drivers/CMSIS/Device/ST/STM32F0xx/Include -I../Drivers/CMSIS/Include -O0 -ffunction-sections -fdata-sections -Wall -fstack-usage -MMD -MP -MF"Middlewares/ST/STM32_USB_Device_Library/Core/Src/usbd_ioreq.d" -MT"Middlewares/ST/STM32_USB_Device_Library/Core/Src/usbd_ioreq.o" --specs=nano.specs -mfloat-abi=soft -mthumb -o "Middlewares/ST/STM32_USB_Device_Library/Core/Src/usbd_ioreq.o"
arm-none-eabi-gcc "../Middlewares/ST/STM32_USB_Device_Library/Class/CustomHID/Src/usbd_customhid.c" -mcpu=cortex-m0 -std=gnu11 -g3 -DDEBUG -DUSE_HAL_DRIVER -DSTM32F072xB -c -I../USB_DEVICE/App -I../USB_DEVICE/Target -I../Core/Inc -I../Drivers/STM32F0xx_HAL_Driver/Inc -I../Drivers/STM32F0xx_HAL_Driver/Inc/Legacy -I../Middlewares/ST/STM32_USB_Device_Library/Core/Inc -I../Middlewares/ST/STM32_USB_Device_Library/Class/CustomHID/Inc -I../Drivers/CMSIS/Device/ST/STM32F0xx/Include -I../Drivers/CMSIS/Include -O0 -ffunction-sections -fdata-sections -Wall -fstack-usage -MMD -MP -MF"Middlewares/ST/STM32_USB_Device_Library/Class/CustomHID/Src/usbd_customhid.d" -MT"Middlewares/ST/STM32_USB_Device_Library/Class/CustomHID/Src/usbd_customhid.o" --specs=nano.specs -mfloat-abi=soft -mthumb -o "Middlewares/ST/STM32_USB_Device_Library/Class/CustomHID/Src/usbd_customhid.o"
arm-none-eabi-gcc "../ECUAL/NKRO_Keypad/NKRO_KEYPAD.c" -mcpu=cortex-m0 -std=gnu11 -g3 -DDEBUG -DUSE_HAL_DRIVER -DSTM32F072xB -c -I../USB_DEVICE/App -I../USB_DEVICE/Target -I../Core/Inc -I../Drivers/STM32F0xx_HAL_Driver/Inc -I../Drivers/STM32F0xx_HAL_Driver/Inc/Legacy -I../Middlewares/ST/STM32_USB_Device_Library/Core/Inc -I../Middlewares/ST/STM32_USB_Device_Library/Class/CustomHID/Inc -I../Drivers/CMSIS/Device/ST/STM32F0xx/Include -I../Drivers/CMSIS/Include -O0 -ffunction-sections -fdata-sections -Wall -fstack-usage -MMD -MP -MF"ECUAL/NKRO_Keypad/NKRO_KEYPAD.d" -MT"ECUAL/NKRO_Keypad/NKRO_KEYPAD.o" --specs=nano.specs -mfloat-abi=soft -mthumb -o "ECUAL/NKRO_Keypad/NKRO_KEYPAD.o"
arm-none-eabi-gcc "../ECUAL/NKRO_Keypad/NKRO_KEYPAD_CFG.c" -mcpu=cortex-m0 -std=gnu11 -g3 -DDEBUG -DUSE_HAL_DRIVER -DSTM32F072xB -c -I../USB_DEVICE/App -I../USB_DEVICE/Target -I../Core/Inc -I../Drivers/STM32F0xx_HAL_Driver/Inc -I../Drivers/STM32F0xx_HAL_Driver/Inc/Legacy -I../Middlewares/ST/STM32_USB_Device_Library/Core/Inc -I../Middlewares/ST/STM32_USB_Device_Library/Class/CustomHID/Inc -I../Drivers/CMSIS/Device/ST/STM32F0xx/Include -I../Drivers/CMSIS/Include -O0 -ffunction-sections -fdata-sections -Wall -fstack-usage -MMD -MP -MF"ECUAL/NKRO_Keypad/NKRO_KEYPAD_CFG.d" -MT"ECUAL/NKRO_Keypad/NKRO_KEYPAD_CFG.o" --specs=nano.specs -mfloat-abi=soft -mthumb -o "ECUAL/NKRO_Keypad/NKRO_KEYPAD_CFG.o"
arm-none-eabi-gcc "../Drivers/STM32F0xx_HAL_Driver/Src/stm32f0xx_hal.c" -mcpu=cortex-m0 -std=gnu11 -g3 -DDEBUG -DUSE_HAL_DRIVER -DSTM32F072xB -c -I../USB_DEVICE/App -I../USB_DEVICE/Target -I../Core/Inc -I../Drivers/STM32F0xx_HAL_Driver/Inc -I../Drivers/STM32F0xx_HAL_Driver/Inc/Legacy -I../Middlewares/ST/STM32_USB_Device_Library/Core/Inc -I../Middlewares/ST/STM32_USB_Device_Library/Class/CustomHID/Inc -I../Drivers/CMSIS/Device/ST/STM32F0xx/Include -I../Drivers/CMSIS/Include -O0 -ffunction-sections -fdata-sections -Wall -fstack-usage -MMD -MP -MF"Drivers/STM32F0xx_HAL_Driver/Src/stm32f0xx_hal.d" -MT"Drivers/STM32F0xx_HAL_Driver/Src/stm32f0xx_hal.o" --specs=nano.specs -mfloat-abi=soft -mthumb -o "Drivers/STM32F0xx_HAL_Driver/Src/stm32f0xx_hal.o"
arm-none-eabi-gcc "../Drivers/STM32F0xx_HAL_Driver/Src/stm32f0xx_hal_cortex.c" -mcpu=cortex-m0 -std=gnu11 -g3 -DDEBUG -DUSE_HAL_DRIVER -DSTM32F072xB -c -I../USB_DEVICE/App -I../USB_DEVICE/Target -I../Core/Inc -I../Drivers/STM32F0xx_HAL_Driver/Inc -I../Drivers/STM32F0xx_HAL_Driver/Inc/Legacy -I../Middlewares/ST/STM32_USB_Device_Library/Core/Inc -I../Middlewares/ST/STM32_USB_Device_Library/Class/CustomHID/Inc -I../Drivers/CMSIS/Device/ST/STM32F0xx/Include -I../Drivers/CMSIS/Include -O0 -ffunction-sections -fdata-sections -Wall -fstack-usage -MMD -MP -MF"Drivers/STM32F0xx_HAL_Driver/Src/stm32f0xx_hal_cortex.d" -MT"Drivers/STM32F0xx_HAL_Driver/Src/stm32f0xx_hal_cortex.o" --specs=nano.specs -mfloat-abi=soft -mthumb -o "Drivers/STM32F0xx_HAL_Driver/Src/stm32f0xx_hal_cortex.o"
In file included from ../ECUAL/NKRO_Keypad/NKRO_KEYPAD.c:8:
../ECUAL/NKRO_Keypad/NKRO_KEYPAD.h:35:5: error: expected ':', ',', ';', '}' or '__attribute__' before 'uint16_t'
   35 |     uint16_t encoder_pin;
      |     ^~~~~~~~
../ECUAL/NKRO_Keypad/NKRO_KEYPAD.h:37:1: warning: useless storage class specifier in empty declaration
   37 | };
      | ^
../ECUAL/NKRO_Keypad/NKRO_KEYPAD.h:44:1: warning: useless storage class specifier in empty declaration
   44 | };
      | ^
../ECUAL/NKRO_Keypad/NKRO_KEYPAD.h:51:1: error: unknown type name 'bool'
   51 | bool NKROKeypadScan();
      | ^~~~
In file included from ../ECUAL/NKRO_Keypad/NKRO_KEYPAD.c:9:
../ECUAL/NKRO_Keypad/NKRO_KEYPAD_CFG.h:12:14: error: unknown type name 'KeypadCFGTypeDef'
   12 | extern const KeypadCFGTypeDef KeypadCfgParams;
      |              ^~~~~~~~~~~~~~~~
../ECUAL/NKRO_Keypad/NKRO_KEYPAD.c:14:8: error: unknown type name 'KeypadHistoryTypeDef'
   14 | static KeypadHistoryTypeDef KeypadInfo;
      |        ^~~~~~~~~~~~~~~~~~~~
../ECUAL/NKRO_Keypad/NKRO_KEYPAD.c: In function 'NKROKeypadInit':
../ECUAL/NKRO_Keypad/NKRO_KEYPAD.c:23:8: error: 'u16_key_states' undeclared (first use in this function); did you mean 'u8_key_states'?
   23 |     if(u16_key_states != NULL) {
      |        ^~~~~~~~~~~~~~
      |        u8_key_states
../ECUAL/NKRO_Keypad/NKRO_KEYPAD.c:23:8: note: each undeclared identifier is reported only once for each function it appears in
../ECUAL/NKRO_Keypad/NKRO_KEYPAD.c:24:19: error: request for member 'key_states' in something not a structure or union
   24 |         KeypadInfo.key_states = b_key_states;
      |                   ^
../ECUAL/NKRO_Keypad/NKRO_KEYPAD.c:24:33: error: 'b_key_states' undeclared (first use in this function); did you mean 'u8_key_states'?
   24 |         KeypadInfo.key_states = b_key_states;
      |                                 ^~~~~~~~~~~~
      |                                 u8_key_states
../ECUAL/NKRO_Keypad/NKRO_KEYPAD.c:31:19: error: request for member 'key_history' in something not a structure or union
   31 |         KeypadInfo.key_history = u32_key_history;
      |                   ^
../ECUAL/NKRO_Keypad/NKRO_KEYPAD.c:40:46: error: request for member 'row_pin' in something not a structure or union
   40 |         GPIO_InitStruct.Pin = KeypadCfgParams.row_pin[i];
      |                                              ^
../ECUAL/NKRO_Keypad/NKRO_KEYPAD.c:43:38: error: request for member 'row_pin' in something not a structure or union
   43 |         HAL_GPIO_Init(KeypadCfgParams.row_pin[i], &GPIO_InitStruct);
      |                                      ^
../ECUAL/NKRO_Keypad/NKRO_KEYPAD.c:46:46: error: request for member 'col_pin' in something not a structure or union
   46 |         GPIO_InitStruct.Pin = KeypadCfgParams.col_pin[i];
      |                                              ^
../ECUAL/NKRO_Keypad/NKRO_KEYPAD.c:49:38: error: request for member 'col_pin' in something not a structure or union
   49 |         HAL_GPIO_Init(KeypadCfgParams.col_pin[i], &GPIO_InitStruct);
      |                                      ^
../ECUAL/NKRO_Keypad/NKRO_KEYPAD.c:51:42: error: request for member 'encoder_pin' in something not a structure or union
   51 |     GPIO_InitStruct.Pin = KeypadCfgParams.encoder_pin;
      |                                          ^
In file included from ../ECUAL/NKRO_Keypad/NKRO_KEYPAD_CFG.h:10,
                 from ../ECUAL/NKRO_Keypad/NKRO_KEYPAD_CFG.c:7:
../ECUAL/NKRO_Keypad/../NKRO_Keypad/NKRO_KEYPAD.h:35:5: error: expected ':', ',', ';', '}' or '__attribute__' before 'uint16_t'
   35 |     uint16_t encoder_pin;
      |     ^~~~~~~~
../ECUAL/NKRO_Keypad/../NKRO_Keypad/NKRO_KEYPAD.h:37:1: warning: useless storage class specifier in empty declaration
   37 | };
      | ^
../ECUAL/NKRO_Keypad/../NKRO_Keypad/NKRO_KEYPAD.h:44:1: warning: useless storage class specifier in empty declaration
   44 | };
      | ^
../ECUAL/NKRO_Keypad/../NKRO_Keypad/NKRO_KEYPAD.h:51:1: error: unknown type name 'bool'
   51 | bool NKROKeypadScan();
      | ^~~~
In file included from ../ECUAL/NKRO_Keypad/NKRO_KEYPAD_CFG.c:7:
../ECUAL/NKRO_Keypad/NKRO_KEYPAD_CFG.h:12:14: error: unknown type name 'KeypadCFGTypeDef'
   12 | extern const KeypadCFGTypeDef KeypadCfgParams;
      |              ^~~~~~~~~~~~~~~~
../ECUAL/NKRO_Keypad/NKRO_KEYPAD_CFG.c:10:7: error: unknown type name 'KeypadCFG'
   10 | const KeypadCFG KeypadCfgParams =
      |       ^~~~~~~~~
../ECUAL/NKRO_Keypad/NKRO_KEYPAD_CFG.c:12:9: warning: braces around scalar initializer
   12 |         {R1_PIN, R2_PIN, R3_PIN, R4_PIN, R5_PIN, R6_PIN},
      |         ^
../ECUAL/NKRO_Keypad/NKRO_KEYPAD_CFG.c:12:9: note: (near initialization for 'KeypadCfgParams')
../ECUAL/NKRO_Keypad/NKRO_KEYPAD_CFG.c:12:10: error: 'R1_PIN' undeclared here (not in a function)
   12 |         {R1_PIN, R2_PIN, R3_PIN, R4_PIN, R5_PIN, R6_PIN},
      |          ^~~~~~
../ECUAL/NKRO_Keypad/NKRO_KEYPAD_CFG.c:12:18: error: 'R2_PIN' undeclared here (not in a function)
   12 |         {R1_PIN, R2_PIN, R3_PIN, R4_PIN, R5_PIN, R6_PIN},
      |                  ^~~~~~
../ECUAL/NKRO_Keypad/NKRO_KEYPAD_CFG.c:12:18: warning: excess elements in scalar initializer
../ECUAL/NKRO_Keypad/NKRO_KEYPAD_CFG.c:12:18: note: (near initialization for 'KeypadCfgParams')
../ECUAL/NKRO_Keypad/NKRO_KEYPAD_CFG.c:12:26: error: 'R3_PIN' undeclared here (not in a function)
   12 |         {R1_PIN, R2_PIN, R3_PIN, R4_PIN, R5_PIN, R6_PIN},
      |                          ^~~~~~
../ECUAL/NKRO_Keypad/NKRO_KEYPAD_CFG.c:12:26: warning: excess elements in scalar initializer
../ECUAL/NKRO_Keypad/NKRO_KEYPAD_CFG.c:12:26: note: (near initialization for 'KeypadCfgParams')
../ECUAL/NKRO_Keypad/NKRO_KEYPAD_CFG.c:12:34: error: 'R4_PIN' undeclared here (not in a function)
   12 |         {R1_PIN, R2_PIN, R3_PIN, R4_PIN, R5_PIN, R6_PIN},
      |                                  ^~~~~~
../ECUAL/NKRO_Keypad/NKRO_KEYPAD_CFG.c:12:34: warning: excess elements in scalar initializer
../ECUAL/NKRO_Keypad/NKRO_KEYPAD_CFG.c:12:34: note: (near initialization for 'KeypadCfgParams')
../ECUAL/NKRO_Keypad/NKRO_KEYPAD.c:53:28: error: 'GPIO_MODE_PULLUP' undeclared (first use in this function); did you mean 'GPIO_MODE_INPUT'?
   53 |     GPIO_InitStruct.Pull = GPIO_MODE_PULLUP;
      |                            ^~~~~~~~~~~~~~~~
      |                            GPIO_MODE_INPUT
../ECUAL/NKRO_Keypad/NKRO_KEYPAD.c:54:34: error: request for member 'encoder_pin' in something not a structure or union
   54 |     HAL_GPIO_Init(KeypadCfgParams.encoder_pin, &GPIO_InitStruct);
      |                                  ^
../ECUAL/NKRO_Keypad/NKRO_KEYPAD.c: At top level:
../ECUAL/NKRO_Keypad/NKRO_KEYPAD.c:58:1: error: unknown type name 'bool'
   58 | bool NKROKeypadScan() {
      | ^~~~
../ECUAL/NKRO_Keypad/NKRO_KEYPAD.c: In function 'NKROKeypadScan':
../ECUAL/NKRO_Keypad/NKRO_KEYPAD.c:60:7: warning: missing terminating " character
   60 |     """
      |       ^
../ECUAL/NKRO_Keypad/NKRO_KEYPAD.c:60:7: error: missing terminating " character
../ECUAL/NKRO_Keypad/NKRO_KEYPAD.c:60:5: warning: statement with no effect [-Wunused-value]
   60 |     """
      |     ^~
../ECUAL/NKRO_Keypad/NKRO_KEYPAD.c:60:7: error: expected ';' before 'If'
   60 |     """
      |       ^
      |       ;
   61 |     If scanning the keys is necessary, that means it is possible for the state to ahve changed
      |     ~~ 
../ECUAL/NKRO_Keypad/NKRO_KEYPAD.c:63:7: warning: missing terminating " character
   63 |     """
      |       ^
../ECUAL/NKRO_Keypad/NKRO_KEYPAD.c:63:7: error: missing terminating " character
../ECUAL/NKRO_Keypad/NKRO_KEYPAD.c:69:5: error: unknown type name 'bool'
   69 |     bool scan_needed = false;
      |     ^~~~
../ECUAL/NKRO_Keypad/NKRO_KEYPAD.c:69:24: error: 'false' undeclared (first use in this function)
   69 |     bool scan_needed = false;
      |                        ^~~~~
../ECUAL/NKRO_Keypad/NKRO_KEYPAD_CFG.c:12:42: error: 'R5_PIN' undeclared here (not in a function)
   12 |         {R1_PIN, R2_PIN, R3_PIN, R4_PIN, R5_PIN, R6_PIN},
      |                                          ^~~~~~
../ECUAL/NKRO_Keypad/NKRO_KEYPAD_CFG.c:12:42: warning: excess elements in scalar initializer
../ECUAL/NKRO_Keypad/NKRO_KEYPAD_CFG.c:12:42: note: (near initialization for 'KeypadCfgParams')
../ECUAL/NKRO_Keypad/NKRO_KEYPAD.c:70:9: error: 'i' undeclared (first use in this function)
   70 |     for(i=0;i<KEYPAD_ROWS; i++) {
      |         ^
../ECUAL/NKRO_Keypad/NKRO_KEYPAD_CFG.c:12:50: error: 'R6_PIN' undeclared here (not in a function)
   12 |         {R1_PIN, R2_PIN, R3_PIN, R4_PIN, R5_PIN, R6_PIN},
      |                                                  ^~~~~~
../ECUAL/NKRO_Keypad/NKRO_KEYPAD_CFG.c:12:50: warning: excess elements in scalar initializer
../ECUAL/NKRO_Keypad/NKRO_KEYPAD_CFG.c:12:50: note: (near initialization for 'KeypadCfgParams')
../ECUAL/NKRO_Keypad/NKRO_KEYPAD_CFG.c:13:9: warning: braces around scalar initializer
   13 |         {R1_GPIO_Port, R2_GPIO_Port, R3_GPIO_Port, R4_GPIO_Port, R5_GPIO_Port, R6_GPIO_Port},
      |         ^
../ECUAL/NKRO_Keypad/NKRO_KEYPAD_CFG.c:13:9: note: (near initialization for 'KeypadCfgParams')
../ECUAL/NKRO_Keypad/NKRO_KEYPAD.c:71:42: error: request for member 'row_gpio_family' in something not a structure or union
   71 |         HAL_GPIO_WritePin(KeypadCfgParams.row_gpio_family[i], KeypadCfgParams.row_pin[i], 1);
      |                                          ^
../ECUAL/NKRO_Keypad/NKRO_KEYPAD.c:71:78: error: request for member 'row_pin' in something not a structure or union
   71 |         HAL_GPIO_WritePin(KeypadCfgParams.row_gpio_family[i], KeypadCfgParams.row_pin[i], 1);
      |                                                                              ^
../ECUAL/NKRO_Keypad/NKRO_KEYPAD.c:74:45: error: request for member 'col_gpio_family' in something not a structure or union
   74 |         if (HAL_GPIO_ReadPin(KeypadCfgParams.col_gpio_family[i], KeypadCfgParams.col_pin[i]) == 1) {
      |                                             ^
../ECUAL/NKRO_Keypad/NKRO_KEYPAD.c:74:81: error: request for member 'col_pin' in something not a structure or union
   74 |         if (HAL_GPIO_ReadPin(KeypadCfgParams.col_gpio_family[i], KeypadCfgParams.col_pin[i]) == 1) {
      |                                                                                 ^
../ECUAL/NKRO_Keypad/NKRO_KEYPAD.c:75:26: error: 'true' undeclared (first use in this function)
   75 |            scan_needed = true;
      |                          ^~~~
../ECUAL/NKRO_Keypad/NKRO_KEYPAD.c:81:42: error: request for member 'row_gpio_family' in something not a structure or union
   81 |         HAL_GPIO_WritePin(KeypadCfgParams.row_gpio_family[i], KeypadCfgParams.row_pin[i], 0);
      |                                          ^
../ECUAL/NKRO_Keypad/NKRO_KEYPAD.c:81:78: error: request for member 'row_pin' in something not a structure or union
   81 |         HAL_GPIO_WritePin(KeypadCfgParams.row_gpio_family[i], KeypadCfgParams.row_pin[i], 0);
      |                                                                              ^
../ECUAL/NKRO_Keypad/NKRO_KEYPAD.c:85:41: error: request for member 'encoder_gpio_family' in something not a structure or union
   85 |     if(!HAL_GPIO_ReadPin(KeypadCfgParams.encoder_gpio_family, KeypadCfgParams.encoder_pin)) {
      |                                         ^
../ECUAL/NKRO_Keypad/NKRO_KEYPAD.c:85:78: error: request for member 'encoder_pin' in something not a structure or union
   85 |     if(!HAL_GPIO_ReadPin(KeypadCfgParams.encoder_gpio_family, KeypadCfgParams.encoder_pin)) {
      |                                                                              ^
../ECUAL/NKRO_Keypad/NKRO_KEYPAD.c:92:30: error: request for member 'key_history' in something not a structure or union
   92 |                 if(KeypadInfo.key_history[i] != 0){
      |                              ^
../ECUAL/NKRO_Keypad/NKRO_KEYPAD.c:105:46: error: request for member 'row_gpio_family' in something not a structure or union
  105 |             HAL_GPIO_WritePin(KeypadCfgParams.row_gpio_family[i], KeypadCfgParams.row_pin[i], 1);
      |                                              ^
../ECUAL/NKRO_Keypad/NKRO_KEYPAD.c:105:82: error: request for member 'row_pin' in something not a structure or union
  105 |             HAL_GPIO_WritePin(KeypadCfgParams.row_gpio_family[i], KeypadCfgParams.row_pin[i], 1);
      |                                                                                  ^
../ECUAL/NKRO_Keypad/NKRO_KEYPAD.c:108:27: error: request for member 'key_history' in something not a structure or union
  108 |                 KeypadInfo.key_history[(KEYPAD_COLS*(i))+j)] << 1;
      |                           ^
../ECUAL/NKRO_Keypad/NKRO_KEYPAD.c:108:59: error: expected ']' before ')' token
  108 |                 KeypadInfo.key_history[(KEYPAD_COLS*(i))+j)] << 1;
      |                                                           ^
      |                                                           ]
../ECUAL/NKRO_Keypad/NKRO_KEYPAD.c:108:59: error: expected ';' before ')' token
  108 |                 KeypadInfo.key_history[(KEYPAD_COLS*(i))+j)] << 1;
      |                                                           ^
      |                                                           ;
../ECUAL/NKRO_Keypad/NKRO_KEYPAD.c:108:59: error: expected statement before ')' token
../ECUAL/NKRO_Keypad/NKRO_KEYPAD.c:108:60: error: expected statement before ']' token
  108 |                 KeypadInfo.key_history[(KEYPAD_COLS*(i))+j)] << 1;
      |                                                            ^
../ECUAL/NKRO_Keypad/NKRO_KEYPAD.c:108:62: error: expected expression before '<<' token
  108 |                 KeypadInfo.key_history[(KEYPAD_COLS*(i))+j)] << 1;
      |                                                              ^~
../ECUAL/NKRO_Keypad/NKRO_KEYPAD_CFG.c:13:10: error: 'R1_GPIO_Port' undeclared here (not in a function)
   13 |         {R1_GPIO_Port, R2_GPIO_Port, R3_GPIO_Port, R4_GPIO_Port, R5_GPIO_Port, R6_GPIO_Port},
      |          ^~~~~~~~~~~~
../ECUAL/NKRO_Keypad/NKRO_KEYPAD.c:111:53: error: request for member 'col_gpio_family' in something not a structure or union
  111 |                 if (HAL_GPIO_ReadPin(KeypadCfgParams.col_gpio_family[j], KeypadCfgParams.col_pin[j])) { // This method with only register identify individual presses and wont do anything about long vs short press
      |                                                     ^
../ECUAL/NKRO_Keypad/NKRO_KEYPAD.c:111:89: error: request for member 'col_pin' in something not a structure or union
  111 |                 if (HAL_GPIO_ReadPin(KeypadCfgParams.col_gpio_family[j], KeypadCfgParams.col_pin[j])) { // This method with only register identify individual presses and wont do anything about long vs short press
      |                                                                                         ^
../ECUAL/NKRO_Keypad/NKRO_KEYPAD.c:112:31: error: request for member 'key_history' in something not a structure or union
  112 |                     KeypadInfo.key_history[(KEYPAD_COLS*(i))+j)]++;
      |                               ^
../ECUAL/NKRO_Keypad/NKRO_KEYPAD.c:112:63: error: expected ']' before ')' token
  112 |                     KeypadInfo.key_history[(KEYPAD_COLS*(i))+j)]++;
      |                                                               ^
      |                                                               ]
../ECUAL/NKRO_Keypad/NKRO_KEYPAD.c:112:63: error: expected ';' before ')' token
  112 |                     KeypadInfo.key_history[(KEYPAD_COLS*(i))+j)]++;
      |                                                               ^
      |                                                               ;
../ECUAL/NKRO_Keypad/NKRO_KEYPAD.c:112:63: error: expected statement before ')' token
../ECUAL/NKRO_Keypad/NKRO_KEYPAD.c:112:64: error: expected statement before ']' token
  112 |                     KeypadInfo.key_history[(KEYPAD_COLS*(i))+j)]++;
      |                                                                ^
../ECUAL/NKRO_Keypad/NKRO_KEYPAD.c:112:67: error: expected expression before ';' token
  112 |                     KeypadInfo.key_history[(KEYPAD_COLS*(i))+j)]++;
      |                                                                   ^
../ECUAL/NKRO_Keypad/NKRO_KEYPAD.c:117:46: error: request for member 'row_gpio_family' in something not a structure or union
  117 |             HAL_GPIO_WritePin(KeypadCfgParams.row_gpio_family[i], KeypadCfgParams.row_pin[i], 0);
      |                                              ^
../ECUAL/NKRO_Keypad/NKRO_KEYPAD.c:117:82: error: request for member 'row_pin' in something not a structure or union
  117 |             HAL_GPIO_WritePin(KeypadCfgParams.row_gpio_family[i], KeypadCfgParams.row_pin[i], 0);
      |                                                                                  ^
../ECUAL/NKRO_Keypad/NKRO_KEYPAD.c:122:46: error: request for member 'encoder_gpio_family' in something not a structure or union
  122 |         if (!HAL_GPIO_ReadPin(KeypadCfgParams.encoder_gpio_family, KeypadCfgParams.encoder_pin)) {
      |                                              ^
../ECUAL/NKRO_Keypad/NKRO_KEYPAD.c:122:83: error: request for member 'encoder_pin' in something not a structure or union
  122 |         if (!HAL_GPIO_ReadPin(KeypadCfgParams.encoder_gpio_family, KeypadCfgParams.encoder_pin)) {
      |                                                                                   ^
../ECUAL/NKRO_Keypad/NKRO_KEYPAD.c:123:23: error: request for member 'key_history' in something not a structure or union
  123 |             KeypadInfo.key_history[KEYPAD_ROWS*KEYPAD_COLS]++;
      |                       ^
../ECUAL/NKRO_Keypad/NKRO_KEYPAD.c:127:23: error: expected ';' before '}' token
  127 |     return scan_needed
      |                       ^
      |                       ;
  128 | }
      | ~                      
../ECUAL/NKRO_Keypad/NKRO_KEYPAD.c: In function 'NKROKeypadStateCheck':
../ECUAL/NKRO_Keypad/NKRO_KEYPAD.c:137:27: error: request for member 'key_history' in something not a structure or union
  137 |             if((KeypadInfo.key_history[(KEYPAD_COLS*(i))+j)]&DEBOUNCE_MASK)>=DEBOUNCE_MASK, KeypadInfo.key_last[(KEYPAD_COLS*(i))+j)] == 0){
      |                           ^
../ECUAL/NKRO_Keypad/NKRO_KEYPAD.c:137:59: error: expected ']' before ')' token
  137 |             if((KeypadInfo.key_history[(KEYPAD_COLS*(i))+j)]&DEBOUNCE_MASK)>=DEBOUNCE_MASK, KeypadInfo.key_last[(KEYPAD_COLS*(i))+j)] == 0){
      |                                                           ^
      |                                                           ]
../ECUAL/NKRO_Keypad/NKRO_KEYPAD.c:137:60: error: expected ')' before ']' token
  137 |             if((KeypadInfo.key_history[(KEYPAD_COLS*(i))+j)]&DEBOUNCE_MASK)>=DEBOUNCE_MASK, KeypadInfo.key_last[(KEYPAD_COLS*(i))+j)] == 0){
      |               ~                                            ^
      |                                                            )
../ECUAL/NKRO_Keypad/NKRO_KEYPAD.c:137:60: error: expected statement before ']' token
../ECUAL/NKRO_Keypad/NKRO_KEYPAD.c:137:13: warning: this 'if' clause does not guard... [-Wmisleading-indentation]
  137 |             if((KeypadInfo.key_history[(KEYPAD_COLS*(i))+j)]&DEBOUNCE_MASK)>=DEBOUNCE_MASK, KeypadInfo.key_last[(KEYPAD_COLS*(i))+j)] == 0){
      |             ^~
../ECUAL/NKRO_Keypad/NKRO_KEYPAD.c:137:61: note: ...this statement, but the latter is misleadingly indented as if it were guarded by the 'if'
  137 |             if((KeypadInfo.key_history[(KEYPAD_COLS*(i))+j)]&DEBOUNCE_MASK)>=DEBOUNCE_MASK, KeypadInfo.key_last[(KEYPAD_COLS*(i))+j)] == 0){
      |                                                             ^
../ECUAL/NKRO_Keypad/NKRO_KEYPAD.c:137:61: error: lvalue required as unary '&' operand
../ECUAL/NKRO_Keypad/NKRO_KEYPAD.c:137:75: error: expected ';' before ')' token
  137 |             if((KeypadInfo.key_history[(KEYPAD_COLS*(i))+j)]&DEBOUNCE_MASK)>=DEBOUNCE_MASK, KeypadInfo.key_last[(KEYPAD_COLS*(i))+j)] == 0){
      |                                                                           ^
../ECUAL/NKRO_Keypad/NKRO_KEYPAD.c:137:75: error: expected statement before ')' token
../ECUAL/NKRO_Keypad/NKRO_KEYPAD.c:137:76: error: expected expression before '>=' token
  137 |             if((KeypadInfo.key_history[(KEYPAD_COLS*(i))+j)]&DEBOUNCE_MASK)>=DEBOUNCE_MASK, KeypadInfo.key_last[(KEYPAD_COLS*(i))+j)] == 0){
      |                                                                            ^~
../ECUAL/NKRO_Keypad/NKRO_KEYPAD.c:137:133: error: expected statement before ']' token
  137 |             if((KeypadInfo.key_history[(KEYPAD_COLS*(i))+j)]&DEBOUNCE_MASK)>=DEBOUNCE_MASK, KeypadInfo.key_last[(KEYPAD_COLS*(i))+j)] == 0){
      |                                                                                                                                     ^
../ECUAL/NKRO_Keypad/NKRO_KEYPAD.c:137:135: error: expected expression before '==' token
  137 |             if((KeypadInfo.key_history[(KEYPAD_COLS*(i))+j)]&DEBOUNCE_MASK)>=DEBOUNCE_MASK, KeypadInfo.key_last[(KEYPAD_COLS*(i))+j)] == 0){
      |                                                                                                                                       ^~
../ECUAL/NKRO_Keypad/NKRO_KEYPAD.c:137:139: error: expected statement before ')' token
  137 |             if((KeypadInfo.key_history[(KEYPAD_COLS*(i))+j)]&DEBOUNCE_MASK)>=DEBOUNCE_MASK, KeypadInfo.key_last[(KEYPAD_COLS*(i))+j)] == 0){
      |                                                                                                                                           ^
../ECUAL/NKRO_Keypad/NKRO_KEYPAD.c:138:27: error: request for member 'key_states' in something not a structure or union
  138 |                 KeypadInfo.key_states[(KEYPAD_COLS*(i))+j)] = 1;
      |                           ^
../ECUAL/NKRO_Keypad/NKRO_KEYPAD.c:138:58: error: expected ']' before ')' token
  138 |                 KeypadInfo.key_states[(KEYPAD_COLS*(i))+j)] = 1;
      |                                                          ^
      |                                                          ]
../ECUAL/NKRO_Keypad/NKRO_KEYPAD.c:138:58: error: expected ';' before ')' token
  138 |                 KeypadInfo.key_states[(KEYPAD_COLS*(i))+j)] = 1;
      |                                                          ^
      |                                                          ;
../ECUAL/NKRO_Keypad/NKRO_KEYPAD.c:138:58: error: expected statement before ')' token
../ECUAL/NKRO_Keypad/NKRO_KEYPAD.c:138:59: error: expected statement before ']' token
  138 |                 KeypadInfo.key_states[(KEYPAD_COLS*(i))+j)] = 1;
      |                                                           ^
../ECUAL/NKRO_Keypad/NKRO_KEYPAD.c:138:61: error: expected expression before '=' token
  138 |                 KeypadInfo.key_states[(KEYPAD_COLS*(i))+j)] = 1;
      |                                                             ^
../ECUAL/NKRO_Keypad/NKRO_KEYPAD.c:139:27: error: request for member 'state_history' in something not a structure or union
  139 |                 KeypadInfo.state_history[(KEYPAD_COLS*(i))+j)] = 1;
      |                           ^
../ECUAL/NKRO_Keypad/NKRO_KEYPAD.c:139:61: error: expected ']' before ')' token
  139 |                 KeypadInfo.state_history[(KEYPAD_COLS*(i))+j)] = 1;
      |                                                             ^
      |                                                             ]
../ECUAL/NKRO_Keypad/NKRO_KEYPAD.c:139:61: error: expected ';' before ')' token
  139 |                 KeypadInfo.state_history[(KEYPAD_COLS*(i))+j)] = 1;
      |                                                             ^
      |                                                             ;
../ECUAL/NKRO_Keypad/NKRO_KEYPAD.c:139:61: error: expected statement before ')' token
../ECUAL/NKRO_Keypad/NKRO_KEYPAD.c:139:62: error: expected statement before ']' token
  139 |                 KeypadInfo.state_history[(KEYPAD_COLS*(i))+j)] = 1;
      |                                                              ^
../ECUAL/NKRO_Keypad/NKRO_KEYPAD.c:139:64: error: expected expression before '=' token
  139 |                 KeypadInfo.state_history[(KEYPAD_COLS*(i))+j)] = 1;
      |                                                                ^
../ECUAL/NKRO_Keypad/NKRO_KEYPAD.c:142:13: error: 'else' without a previous 'if'
  142 |             else if(((~KeypadInfo.key_history[(KEYPAD_COLS*(i))+j)])&DEBOUNCE_MASK)>=DEBOUNCE_MASK, KeypadInfo.key_last[(KEYPAD_COLS*(i))+j)] == 1) {
      |             ^~~~
../ECUAL/NKRO_Keypad/NKRO_KEYPAD.c:142:34: error: request for member 'key_history' in something not a structure or union
  142 |             else if(((~KeypadInfo.key_history[(KEYPAD_COLS*(i))+j)])&DEBOUNCE_MASK)>=DEBOUNCE_MASK, KeypadInfo.key_last[(KEYPAD_COLS*(i))+j)] == 1) {
      |                                  ^
../ECUAL/NKRO_Keypad/NKRO_KEYPAD.c:142:66: error: expected ']' before ')' token
  142 |             else if(((~KeypadInfo.key_history[(KEYPAD_COLS*(i))+j)])&DEBOUNCE_MASK)>=DEBOUNCE_MASK, KeypadInfo.key_last[(KEYPAD_COLS*(i))+j)] == 1) {
      |                                                                  ^
      |                                                                  ]
../ECUAL/NKRO_Keypad/NKRO_KEYPAD.c:142:67: error: expected ')' before ']' token
  142 |             else if(((~KeypadInfo.key_history[(KEYPAD_COLS*(i))+j)])&DEBOUNCE_MASK)>=DEBOUNCE_MASK, KeypadInfo.key_last[(KEYPAD_COLS*(i))+j)] == 1) {
      |                     ~                                             ^
      |                                                                   )
../ECUAL/NKRO_Keypad/NKRO_KEYPAD.c:142:67: error: expected ')' before ']' token
  142 |             else if(((~KeypadInfo.key_history[(KEYPAD_COLS*(i))+j)])&DEBOUNCE_MASK)>=DEBOUNCE_MASK, KeypadInfo.key_last[(KEYPAD_COLS*(i))+j)] == 1) {
      |                    ~                                              ^
      |                                                                   )
../ECUAL/NKRO_Keypad/NKRO_KEYPAD.c:142:67: error: expected statement before ']' token
../ECUAL/NKRO_Keypad/NKRO_KEYPAD.c:142:68: error: expected statement before ')' token
  142 |             else if(((~KeypadInfo.key_history[(KEYPAD_COLS*(i))+j)])&DEBOUNCE_MASK)>=DEBOUNCE_MASK, KeypadInfo.key_last[(KEYPAD_COLS*(i))+j)] == 1) {
      |                                                                    ^
../ECUAL/NKRO_Keypad/NKRO_KEYPAD.c:142:69: error: lvalue required as unary '&' operand
  142 |             else if(((~KeypadInfo.key_history[(KEYPAD_COLS*(i))+j)])&DEBOUNCE_MASK)>=DEBOUNCE_MASK, KeypadInfo.key_last[(KEYPAD_COLS*(i))+j)] == 1) {
      |                                                                     ^
../ECUAL/NKRO_Keypad/NKRO_KEYPAD.c:142:83: error: expected ';' before ')' token
  142 |             else if(((~KeypadInfo.key_history[(KEYPAD_COLS*(i))+j)])&DEBOUNCE_MASK)>=DEBOUNCE_MASK, KeypadInfo.key_last[(KEYPAD_COLS*(i))+j)] == 1) {
      |                                                                                   ^
../ECUAL/NKRO_Keypad/NKRO_KEYPAD.c:142:83: error: expected statement before ')' token
../ECUAL/NKRO_Keypad/NKRO_KEYPAD.c:142:84: error: expected expression before '>=' token
  142 |             else if(((~KeypadInfo.key_history[(KEYPAD_COLS*(i))+j)])&DEBOUNCE_MASK)>=DEBOUNCE_MASK, KeypadInfo.key_last[(KEYPAD_COLS*(i))+j)] == 1) {
      |                                                                                    ^~
../ECUAL/NKRO_Keypad/NKRO_KEYPAD.c:142:141: error: expected statement before ']' token
  142 |             else if(((~KeypadInfo.key_history[(KEYPAD_COLS*(i))+j)])&DEBOUNCE_MASK)>=DEBOUNCE_MASK, KeypadInfo.key_last[(KEYPAD_COLS*(i))+j)] == 1) {
      |                                                                                                                                             ^
../ECUAL/NKRO_Keypad/NKRO_KEYPAD.c:142:143: error: expected expression before '==' token
  142 |             else if(((~KeypadInfo.key_history[(KEYPAD_COLS*(i))+j)])&DEBOUNCE_MASK)>=DEBOUNCE_MASK, KeypadInfo.key_last[(KEYPAD_COLS*(i))+j)] == 1) {
      |                                                                                                                                               ^~
../ECUAL/NKRO_Keypad/NKRO_KEYPAD.c:142:147: error: expected statement before ')' token
  142 |             else if(((~KeypadInfo.key_history[(KEYPAD_COLS*(i))+j)])&DEBOUNCE_MASK)>=DEBOUNCE_MASK, KeypadInfo.key_last[(KEYPAD_COLS*(i))+j)] == 1) {
      |                                                                                                                                                   ^
../ECUAL/NKRO_Keypad/NKRO_KEYPAD.c:143:27: error: request for member 'key_states' in something not a structure or union
  143 |                 KeypadInfo.key_states[(KEYPAD_COLS*(i))+j)] = 0;
      |                           ^
../ECUAL/NKRO_Keypad/NKRO_KEYPAD.c:143:58: error: expected ']' before ')' token
  143 |                 KeypadInfo.key_states[(KEYPAD_COLS*(i))+j)] = 0;
      |                                                          ^
      |                                                          ]
../ECUAL/NKRO_Keypad/NKRO_KEYPAD.c:143:58: error: expected ';' before ')' token
  143 |                 KeypadInfo.key_states[(KEYPAD_COLS*(i))+j)] = 0;
      |                                                          ^
      |                                                          ;
../ECUAL/NKRO_Keypad/NKRO_KEYPAD.c:143:58: error: expected statement before ')' token
../ECUAL/NKRO_Keypad/NKRO_KEYPAD.c:143:59: error: expected statement before ']' token
  143 |                 KeypadInfo.key_states[(KEYPAD_COLS*(i))+j)] = 0;
      |                                                           ^
../ECUAL/NKRO_Keypad/NKRO_KEYPAD.c:143:61: error: expected expression before '=' token
  143 |                 KeypadInfo.key_states[(KEYPAD_COLS*(i))+j)] = 0;
      |                                                             ^
../ECUAL/NKRO_Keypad/NKRO_KEYPAD.c:144:27: error: request for member 'state_history' in something not a structure or union
  144 |                 KeypadInfo.state_history[(KEYPAD_COLS*(i))+j)] = 0;
      |                           ^
../ECUAL/NKRO_Keypad/NKRO_KEYPAD.c:144:61: error: expected ']' before ')' token
  144 |                 KeypadInfo.state_history[(KEYPAD_COLS*(i))+j)] = 0;
      |                                                             ^
      |                                                             ]
../ECUAL/NKRO_Keypad/NKRO_KEYPAD.c:144:61: error: expected ';' before ')' token
  144 |                 KeypadInfo.state_history[(KEYPAD_COLS*(i))+j)] = 0;
      |                                                             ^
      |                                                             ;
../ECUAL/NKRO_Keypad/NKRO_KEYPAD.c:144:61: error: expected statement before ')' token
../ECUAL/NKRO_Keypad/NKRO_KEYPAD.c:144:62: error: expected statement before ']' token
  144 |                 KeypadInfo.state_history[(KEYPAD_COLS*(i))+j)] = 0;
      |                                                              ^
../ECUAL/NKRO_Keypad/NKRO_KEYPAD.c:144:64: error: expected expression before '=' token
  144 |                 KeypadInfo.state_history[(KEYPAD_COLS*(i))+j)] = 0;
      |                                                                ^
../ECUAL/NKRO_Keypad/NKRO_KEYPAD.c:149:19: error: request for member 'key_history' in something not a structure or union
  149 |     if((KeypadInfo.key_history[KEYPAD_ROWS*KEYPAD_COLS]&DEBOUNCE_MASK)>=DEBOUNCE_MASK, KeypadInfo.key_last[KEYPAD_ROWS*KEYPAD_COLS] == 0){
      |                   ^
../ECUAL/NKRO_Keypad/NKRO_KEYPAD.c:149:98: error: request for member 'key_last' in something not a structure or union
  149 |     if((KeypadInfo.key_history[KEYPAD_ROWS*KEYPAD_COLS]&DEBOUNCE_MASK)>=DEBOUNCE_MASK, KeypadInfo.key_last[KEYPAD_ROWS*KEYPAD_COLS] == 0){
      |                                                                                                  ^
../ECUAL/NKRO_Keypad/NKRO_KEYPAD.c:149:86: warning: left-hand operand of comma expression has no effect [-Wunused-value]
  149 |     if((KeypadInfo.key_history[KEYPAD_ROWS*KEYPAD_COLS]&DEBOUNCE_MASK)>=DEBOUNCE_MASK, KeypadInfo.key_last[KEYPAD_ROWS*KEYPAD_COLS] == 0){
      |                                                                                      ^
../ECUAL/NKRO_Keypad/NKRO_KEYPAD.c:150:23: error: request for member 'key_states' in something not a structure or union
  150 |             KeypadInfo.key_states[KEYPAD_ROWS*KEYPAD_COLS] = 1;
      |                       ^
../ECUAL/NKRO_Keypad/NKRO_KEYPAD.c:151:23: error: request for member 'state_history' in something not a structure or union
  151 |             KeypadInfo.state_history[KEYPAD_ROWS*KEYPAD_COLS] = 1;
      |                       ^
../ECUAL/NKRO_Keypad/NKRO_KEYPAD.c:154:30: error: request for member 'key_history' in something not a structure or union
  154 |         else if(((~KeypadInfo.key_history[KEYPAD_ROWS*KEYPAD_COLS])&DEBOUNCE_MASK)>=DEBOUNCE_MASK, KeypadInfo.key_last[KEYPAD_ROWS*KEYPAD_COLS] == 1) {
      |                              ^
../ECUAL/NKRO_Keypad/NKRO_KEYPAD.c:154:110: error: request for member 'key_last' in something not a structure or union
  154 |         else if(((~KeypadInfo.key_history[KEYPAD_ROWS*KEYPAD_COLS])&DEBOUNCE_MASK)>=DEBOUNCE_MASK, KeypadInfo.key_last[KEYPAD_ROWS*KEYPAD_COLS] == 1) {
      |                                                                                                              ^
../ECUAL/NKRO_Keypad/NKRO_KEYPAD.c:154:98: warning: left-hand operand of comma expression has no effect [-Wunused-value]
  154 |         else if(((~KeypadInfo.key_history[KEYPAD_ROWS*KEYPAD_COLS])&DEBOUNCE_MASK)>=DEBOUNCE_MASK, KeypadInfo.key_last[KEYPAD_ROWS*KEYPAD_COLS] == 1) {
      |                                                                                                  ^
../ECUAL/NKRO_Keypad/NKRO_KEYPAD.c:155:23: error: request for member 'key_states' in something not a structure or union
  155 |             KeypadInfo.key_states[KEYPAD_ROWS*KEYPAD_COLS] = 0;
      |                       ^
../ECUAL/NKRO_Keypad/NKRO_KEYPAD.c:156:23: error: request for member 'state_history' in something not a structure or union
  156 |             KeypadInfo.state_history[KEYPAD_ROWS*KEYPAD_COLS] = 0;
      |                       ^
../ECUAL/NKRO_Keypad/NKRO_KEYPAD_CFG.c:13:24: error: 'R2_GPIO_Port' undeclared here (not in a function)
   13 |         {R1_GPIO_Port, R2_GPIO_Port, R3_GPIO_Port, R4_GPIO_Port, R5_GPIO_Port, R6_GPIO_Port},
      |                        ^~~~~~~~~~~~
../ECUAL/NKRO_Keypad/NKRO_KEYPAD_CFG.c:13:24: warning: excess elements in scalar initializer
../ECUAL/NKRO_Keypad/NKRO_KEYPAD_CFG.c:13:24: note: (near initialization for 'KeypadCfgParams')
../ECUAL/NKRO_Keypad/NKRO_KEYPAD_CFG.c:13:38: error: 'R3_GPIO_Port' undeclared here (not in a function)
   13 |         {R1_GPIO_Port, R2_GPIO_Port, R3_GPIO_Port, R4_GPIO_Port, R5_GPIO_Port, R6_GPIO_Port},
      |                                      ^~~~~~~~~~~~
../ECUAL/NKRO_Keypad/NKRO_KEYPAD_CFG.c:13:38: warning: excess elements in scalar initializer
../ECUAL/NKRO_Keypad/NKRO_KEYPAD_CFG.c:13:38: note: (near initialization for 'KeypadCfgParams')
../ECUAL/NKRO_Keypad/NKRO_KEYPAD_CFG.c:13:52: error: 'R4_GPIO_Port' undeclared here (not in a function)
   13 |         {R1_GPIO_Port, R2_GPIO_Port, R3_GPIO_Port, R4_GPIO_Port, R5_GPIO_Port, R6_GPIO_Port},
      |                                                    ^~~~~~~~~~~~
../ECUAL/NKRO_Keypad/NKRO_KEYPAD_CFG.c:13:52: warning: excess elements in scalar initializer
../ECUAL/NKRO_Keypad/NKRO_KEYPAD_CFG.c:13:52: note: (near initialization for 'KeypadCfgParams')
../ECUAL/NKRO_Keypad/NKRO_KEYPAD_CFG.c:13:66: error: 'R5_GPIO_Port' undeclared here (not in a function)
   13 |         {R1_GPIO_Port, R2_GPIO_Port, R3_GPIO_Port, R4_GPIO_Port, R5_GPIO_Port, R6_GPIO_Port},
      |                                                                  ^~~~~~~~~~~~
../ECUAL/NKRO_Keypad/NKRO_KEYPAD_CFG.c:13:66: warning: excess elements in scalar initializer
../ECUAL/NKRO_Keypad/NKRO_KEYPAD_CFG.c:13:66: note: (near initialization for 'KeypadCfgParams')
../ECUAL/NKRO_Keypad/NKRO_KEYPAD_CFG.c:13:80: error: 'R6_GPIO_Port' undeclared here (not in a function)
   13 |         {R1_GPIO_Port, R2_GPIO_Port, R3_GPIO_Port, R4_GPIO_Port, R5_GPIO_Port, R6_GPIO_Port},
      |                                                                                ^~~~~~~~~~~~
../ECUAL/NKRO_Keypad/NKRO_KEYPAD_CFG.c:13:80: warning: excess elements in scalar initializer
../ECUAL/NKRO_Keypad/NKRO_KEYPAD_CFG.c:13:80: note: (near initialization for 'KeypadCfgParams')
../ECUAL/NKRO_Keypad/NKRO_KEYPAD_CFG.c:13:9: warning: excess elements in scalar initializer
   13 |         {R1_GPIO_Port, R2_GPIO_Port, R3_GPIO_Port, R4_GPIO_Port, R5_GPIO_Port, R6_GPIO_Port},
      |         ^
../ECUAL/NKRO_Keypad/NKRO_KEYPAD_CFG.c:13:9: note: (near initialization for 'KeypadCfgParams')
../ECUAL/NKRO_Keypad/NKRO_KEYPAD_CFG.c:14:9: warning: braces around scalar initializer
   14 |         {C1_PIN, C2_PIN, C3_PIN, C4_PIN, C5_PIN},
      |         ^
../ECUAL/NKRO_Keypad/NKRO_KEYPAD_CFG.c:14:9: note: (near initialization for 'KeypadCfgParams')
../ECUAL/NKRO_Keypad/NKRO_KEYPAD_CFG.c:14:10: error: 'C1_PIN' undeclared here (not in a function)
   14 |         {C1_PIN, C2_PIN, C3_PIN, C4_PIN, C5_PIN},
      |          ^~~~~~
../ECUAL/NKRO_Keypad/NKRO_KEYPAD_CFG.c:14:18: error: 'C2_PIN' undeclared here (not in a function)
   14 |         {C1_PIN, C2_PIN, C3_PIN, C4_PIN, C5_PIN},
      |                  ^~~~~~
../ECUAL/NKRO_Keypad/NKRO_KEYPAD_CFG.c:14:18: warning: excess elements in scalar initializer
../ECUAL/NKRO_Keypad/NKRO_KEYPAD_CFG.c:14:18: note: (near initialization for 'KeypadCfgParams')
../ECUAL/NKRO_Keypad/NKRO_KEYPAD_CFG.c:14:26: error: 'C3_PIN' undeclared here (not in a function)
   14 |         {C1_PIN, C2_PIN, C3_PIN, C4_PIN, C5_PIN},
      |                          ^~~~~~
../ECUAL/NKRO_Keypad/NKRO_KEYPAD_CFG.c:14:26: warning: excess elements in scalar initializer
../ECUAL/NKRO_Keypad/NKRO_KEYPAD_CFG.c:14:26: note: (near initialization for 'KeypadCfgParams')
../ECUAL/NKRO_Keypad/NKRO_KEYPAD_CFG.c:14:34: error: 'C4_PIN' undeclared here (not in a function)
   14 |         {C1_PIN, C2_PIN, C3_PIN, C4_PIN, C5_PIN},
      |                                  ^~~~~~
../ECUAL/NKRO_Keypad/NKRO_KEYPAD_CFG.c:14:34: warning: excess elements in scalar initializer
../ECUAL/NKRO_Keypad/NKRO_KEYPAD_CFG.c:14:34: note: (near initialization for 'KeypadCfgParams')
../ECUAL/NKRO_Keypad/NKRO_KEYPAD_CFG.c:14:42: error: 'C5_PIN' undeclared here (not in a function)
   14 |         {C1_PIN, C2_PIN, C3_PIN, C4_PIN, C5_PIN},
      |                                          ^~~~~~
../ECUAL/NKRO_Keypad/NKRO_KEYPAD_CFG.c:14:42: warning: excess elements in scalar initializer
../ECUAL/NKRO_Keypad/NKRO_KEYPAD_CFG.c:14:42: note: (near initialization for 'KeypadCfgParams')
../ECUAL/NKRO_Keypad/NKRO_KEYPAD_CFG.c:14:9: warning: excess elements in scalar initializer
   14 |         {C1_PIN, C2_PIN, C3_PIN, C4_PIN, C5_PIN},
      |         ^
../ECUAL/NKRO_Keypad/NKRO_KEYPAD_CFG.c:14:9: note: (near initialization for 'KeypadCfgParams')
../ECUAL/NKRO_Keypad/NKRO_KEYPAD_CFG.c:15:9: warning: braces around scalar initializer
   15 |         {C1_GPIO_Port, C2_GPIO_Port, C3_GPIO_Port, C4_GPIO_Port, C5_GPIO_Port},
      |         ^
../ECUAL/NKRO_Keypad/NKRO_KEYPAD_CFG.c:15:9: note: (near initialization for 'KeypadCfgParams')
make: *** [ECUAL/NKRO_Keypad/subdir.mk:22: ECUAL/NKRO_Keypad/NKRO_KEYPAD.o] Error 1
make: *** Waiting for unfinished jobs....
../ECUAL/NKRO_Keypad/NKRO_KEYPAD_CFG.c:15:10: error: 'C1_GPIO_Port' undeclared here (not in a function)
   15 |         {C1_GPIO_Port, C2_GPIO_Port, C3_GPIO_Port, C4_GPIO_Port, C5_GPIO_Port},
      |          ^~~~~~~~~~~~
../ECUAL/NKRO_Keypad/NKRO_KEYPAD_CFG.c:15:24: error: 'C2_GPIO_Port' undeclared here (not in a function)
   15 |         {C1_GPIO_Port, C2_GPIO_Port, C3_GPIO_Port, C4_GPIO_Port, C5_GPIO_Port},
      |                        ^~~~~~~~~~~~
../ECUAL/NKRO_Keypad/NKRO_KEYPAD_CFG.c:15:24: warning: excess elements in scalar initializer
../ECUAL/NKRO_Keypad/NKRO_KEYPAD_CFG.c:15:24: note: (near initialization for 'KeypadCfgParams')
../ECUAL/NKRO_Keypad/NKRO_KEYPAD_CFG.c:15:38: error: 'C3_GPIO_Port' undeclared here (not in a function)
   15 |         {C1_GPIO_Port, C2_GPIO_Port, C3_GPIO_Port, C4_GPIO_Port, C5_GPIO_Port},
      |                                      ^~~~~~~~~~~~
../ECUAL/NKRO_Keypad/NKRO_KEYPAD_CFG.c:15:38: warning: excess elements in scalar initializer
../ECUAL/NKRO_Keypad/NKRO_KEYPAD_CFG.c:15:38: note: (near initialization for 'KeypadCfgParams')
../ECUAL/NKRO_Keypad/NKRO_KEYPAD_CFG.c:15:52: error: 'C4_GPIO_Port' undeclared here (not in a function)
   15 |         {C1_GPIO_Port, C2_GPIO_Port, C3_GPIO_Port, C4_GPIO_Port, C5_GPIO_Port},
      |                                                    ^~~~~~~~~~~~
../ECUAL/NKRO_Keypad/NKRO_KEYPAD_CFG.c:15:52: warning: excess elements in scalar initializer
../ECUAL/NKRO_Keypad/NKRO_KEYPAD_CFG.c:15:52: note: (near initialization for 'KeypadCfgParams')
../ECUAL/NKRO_Keypad/NKRO_KEYPAD_CFG.c:15:66: error: 'C5_GPIO_Port' undeclared here (not in a function)
   15 |         {C1_GPIO_Port, C2_GPIO_Port, C3_GPIO_Port, C4_GPIO_Port, C5_GPIO_Port},
      |                                                                  ^~~~~~~~~~~~
../ECUAL/NKRO_Keypad/NKRO_KEYPAD_CFG.c:15:66: warning: excess elements in scalar initializer
../ECUAL/NKRO_Keypad/NKRO_KEYPAD_CFG.c:15:66: note: (near initialization for 'KeypadCfgParams')
../ECUAL/NKRO_Keypad/NKRO_KEYPAD_CFG.c:15:9: warning: excess elements in scalar initializer
   15 |         {C1_GPIO_Port, C2_GPIO_Port, C3_GPIO_Port, C4_GPIO_Port, C5_GPIO_Port},
      |         ^
../ECUAL/NKRO_Keypad/NKRO_KEYPAD_CFG.c:15:9: note: (near initialization for 'KeypadCfgParams')
../ECUAL/NKRO_Keypad/NKRO_KEYPAD_CFG.c:16:9: warning: braces around scalar initializer
   16 |         {E_Switch_Pin},
      |         ^
../ECUAL/NKRO_Keypad/NKRO_KEYPAD_CFG.c:16:9: note: (near initialization for 'KeypadCfgParams')
../ECUAL/NKRO_Keypad/NKRO_KEYPAD_CFG.c:16:10: error: 'E_Switch_Pin' undeclared here (not in a function)
   16 |         {E_Switch_Pin},
      |          ^~~~~~~~~~~~
../ECUAL/NKRO_Keypad/NKRO_KEYPAD_CFG.c:16:9: warning: excess elements in scalar initializer
   16 |         {E_Switch_Pin},
      |         ^
../ECUAL/NKRO_Keypad/NKRO_KEYPAD_CFG.c:16:9: note: (near initialization for 'KeypadCfgParams')
../ECUAL/NKRO_Keypad/NKRO_KEYPAD_CFG.c:17:9: warning: braces around scalar initializer
   17 |         {E_Switch_GPIO_PORT}
      |         ^
../ECUAL/NKRO_Keypad/NKRO_KEYPAD_CFG.c:17:9: note: (near initialization for 'KeypadCfgParams')
../ECUAL/NKRO_Keypad/NKRO_KEYPAD_CFG.c:17:10: error: 'E_Switch_GPIO_PORT' undeclared here (not in a function)
   17 |         {E_Switch_GPIO_PORT}
      |          ^~~~~~~~~~~~~~~~~~
../ECUAL/NKRO_Keypad/NKRO_KEYPAD_CFG.c:17:9: warning: excess elements in scalar initializer
   17 |         {E_Switch_GPIO_PORT}
      |         ^
../ECUAL/NKRO_Keypad/NKRO_KEYPAD_CFG.c:17:9: note: (near initialization for 'KeypadCfgParams')
make: *** [ECUAL/NKRO_Keypad/subdir.mk:22: ECUAL/NKRO_Keypad/NKRO_KEYPAD_CFG.o] Error 1
"make -j12 all" terminated with exit code 2. Build might be incomplete.
